# JRE version: Java(TM) SE Runtime Environment (8.0_201-b09) (build 1.8.0_201-b09)
# Java VM: Java HotSpot(TM) 64-Bit Server VM (25.201-b09 mixed mode windows-amd64 compressed oops)
Heap:
 PSYoungGen      total 35840K, used 12926K [0x00000000f5580000, 0x00000000f9b80000, 0x0000000100000000)
  eden space 30720K, 25% used [0x00000000f5580000,0x00000000f5d25f38,0x00000000f7380000)
  from space 5120K, 99% used [0x00000000f7880000,0x00000000f7d79b60,0x00000000f7d80000)
  to   space 5120K, 0% used [0x00000000f7380000,0x00000000f7380000,0x00000000f7880000)
 ParOldGen       total 81920K, used 3412K [0x00000000e0000000, 0x00000000e5000000, 0x00000000f5580000)
  object space 81920K, 4% used [0x00000000e0000000,0x00000000e0355240,0x00000000e5000000)
 Metaspace       used 15665K, capacity 16000K, committed 16384K, reserved 1062912K
  class space    used 2289K, capacity 2450K, committed 2560K, reserved 1048576K
GC Heap History (8 events):
Event: 1.190 GC heap before
{Heap before GC invocations=1 (full 0):
 PSYoungGen      total 35840K, used 30720K [0x00000000f5580000, 0x00000000f7d80000, 0x0000000100000000)
  eden space 30720K, 100% used [0x00000000f5580000,0x00000000f7380000,0x00000000f7380000)
  from space 5120K, 0% used [0x00000000f7880000,0x00000000f7880000,0x00000000f7d80000)
  to   space 5120K, 0% used [0x00000000f7380000,0x00000000f7380000,0x00000000f7880000)
 ParOldGen       total 81920K, used 0K [0x00000000e0000000, 0x00000000e5000000, 0x00000000f5580000)
  object space 81920K, 0% used [0x00000000e0000000,0x00000000e0000000,0x00000000e5000000)
 Metaspace       used 6962K, capacity 7130K, committed 7424K, reserved 1056768K
  class space    used 875K, capacity 910K, committed 1024K, reserved 1048576K
Event: 1.197 GC heap after
Heap after GC invocations=1 (full 0):
 PSYoungGen      total 35840K, used 4156K [0x00000000f5580000, 0x00000000f7d80000, 0x0000000100000000)
  eden space 30720K, 0% used [0x00000000f5580000,0x00000000f5580000,0x00000000f7380000)
  from space 5120K, 81% used [0x00000000f7380000,0x00000000f778f268,0x00000000f7880000)
  to   space 5120K, 0% used [0x00000000f7880000,0x00000000f7880000,0x00000000f7d80000)
 ParOldGen       total 81920K, used 8K [0x00000000e0000000, 0x00000000e5000000, 0x00000000f5580000)
  object space 81920K, 0% used [0x00000000e0000000,0x00000000e0002000,0x00000000e5000000)
 Metaspace       used 6962K, capacity 7130K, committed 7424K, reserved 1056768K
  class space    used 875K, capacity 910K, committed 1024K, reserved 1048576K
}
Event: 1.745 GC heap before
{Heap before GC invocations=2 (full 0):
 PSYoungGen      total 35840K, used 34876K [0x00000000f5580000, 0x00000000f7d80000, 0x0000000100000000)
  eden space 30720K, 100% used [0x00000000f5580000,0x00000000f7380000,0x00000000f7380000)
  from space 5120K, 81% used [0x00000000f7380000,0x00000000f778f268,0x00000000f7880000)
  to   space 5120K, 0% used [0x00000000f7880000,0x00000000f7880000,0x00000000f7d80000)
 ParOldGen       total 81920K, used 8K [0x00000000e0000000, 0x00000000e5000000, 0x00000000f5580000)
  object space 81920K, 0% used [0x00000000e0000000,0x00000000e0002000,0x00000000e5000000)
 Metaspace       used 7745K, capacity 7988K, committed 8064K, reserved 1056768K
  class space    used 1018K, capacity 1111K, committed 1152K, reserved 1048576K
Event: 1.750 GC heap after
Heap after GC invocations=2 (full 0):
 PSYoungGen      total 35840K, used 3840K [0x00000000f5580000, 0x00000000f7d80000, 0x0000000100000000)
  eden space 30720K, 0% used [0x00000000f5580000,0x00000000f5580000,0x00000000f7380000)
  from space 5120K, 75% used [0x00000000f7880000,0x00000000f7c401e8,0x00000000f7d80000)
  to   space 5120K, 0% used [0x00000000f7380000,0x00000000f7380000,0x00000000f7880000)
 ParOldGen       total 81920K, used 16K [0x00000000e0000000, 0x00000000e5000000, 0x00000000f5580000)
  object space 81920K, 0% used [0x00000000e0000000,0x00000000e0004000,0x00000000e5000000)
 Metaspace       used 7745K, capacity 7988K, committed 8064K, reserved 1056768K
  class space    used 1018K, capacity 1111K, committed 1152K, reserved 1048576K
}
Event: 2.959 GC heap before
{Heap before GC invocations=3 (full 0):
 PSYoungGen      total 35840K, used 34560K [0x00000000f5580000, 0x00000000f7d80000, 0x0000000100000000)
  eden space 30720K, 100% used [0x00000000f5580000,0x00000000f7380000,0x00000000f7380000)
  from space 5120K, 75% used [0x00000000f7880000,0x00000000f7c401e8,0x00000000f7d80000)
  to   space 5120K, 0% used [0x00000000f7380000,0x00000000f7380000,0x00000000f7880000)
 ParOldGen       total 81920K, used 16K [0x00000000e0000000, 0x00000000e5000000, 0x00000000f5580000)
  object space 81920K, 0% used [0x00000000e0000000,0x00000000e0004000,0x00000000e5000000)
 Metaspace       used 12525K, capacity 12842K, committed 12928K, reserved 1060864K
  class space    used 1750K, capacity 1861K, committed 1920K, reserved 1048576K
Event: 2.968 GC heap after
Heap after GC invocations=3 (full 0):
 PSYoungGen      total 35840K, used 5088K [0x00000000f5580000, 0x00000000f7d80000, 0x0000000100000000)
  eden space 30720K, 0% used [0x00000000f5580000,0x00000000f5580000,0x00000000f7380000)
  from space 5120K, 99% used [0x00000000f7380000,0x00000000f78780c8,0x00000000f7880000)
  to   space 5120K, 0% used [0x00000000f7880000,0x00000000f7880000,0x00000000f7d80000)
 ParOldGen       total 81920K, used 1180K [0x00000000e0000000, 0x00000000e5000000, 0x00000000f5580000)
  object space 81920K, 1% used [0x00000000e0000000,0x00000000e01272c0,0x00000000e5000000)
 Metaspace       used 12525K, capacity 12842K, committed 12928K, reserved 1060864K
  class space    used 1750K, capacity 1861K, committed 1920K, reserved 1048576K
}
Event: 3.640 GC heap before
{Heap before GC invocations=4 (full 0):
 PSYoungGen      total 35840K, used 35808K [0x00000000f5580000, 0x00000000f7d80000, 0x0000000100000000)
  eden space 30720K, 100% used [0x00000000f5580000,0x00000000f7380000,0x00000000f7380000)
  from space 5120K, 99% used [0x00000000f7380000,0x00000000f78780c8,0x00000000f7880000)
  to   space 5120K, 0% used [0x00000000f7880000,0x00000000f7880000,0x00000000f7d80000)
 ParOldGen       total 81920K, used 1180K [0x00000000e0000000, 0x00000000e5000000, 0x00000000f5580000)
  object space 81920K, 1% used [0x00000000e0000000,0x00000000e01272c0,0x00000000e5000000)
 Metaspace       used 14836K, capacity 15124K, committed 15360K, reserved 1062912K
  class space    used 2161K, capacity 2282K, committed 2304K, reserved 1048576K
Event: 3.661 GC heap after
Heap after GC invocations=4 (full 0):
 PSYoungGen      total 35840K, used 5094K [0x00000000f5580000, 0x00000000f9b80000, 0x0000000100000000)
  eden space 30720K, 0% used [0x00000000f5580000,0x00000000f5580000,0x00000000f7380000)
  from space 5120K, 99% used [0x00000000f7880000,0x00000000f7d79b60,0x00000000f7d80000)
  to   space 5120K, 0% used [0x00000000f7380000,0x00000000f7380000,0x00000000f7880000)
 ParOldGen       total 81920K, used 3412K [0x00000000e0000000, 0x00000000e5000000, 0x00000000f5580000)
  object space 81920K, 4% used [0x00000000e0000000,0x00000000e0355240,0x00000000e5000000)
 Metaspace       used 14836K, capacity 15124K, committed 15360K, reserved 1062912K
  class space    used 2161K, capacity 2282K, committed 2304K, reserved 1048576K
}

