# JRE version: Java(TM) SE Runtime Environment (8.0_201-b09) (build 1.8.0_201-b09)
# Java VM: Java HotSpot(TM) 64-Bit Server VM (25.201-b09 mixed mode windows-amd64 compressed oops)
Heap:
 PSYoungGen      total 35840K, used 14640K [0x00000000f5580000, 0x00000000f7d80000, 0x0000000100000000)
  eden space 30720K, 31% used [0x00000000f5580000,0x00000000f5ed03a8,0x00000000f7380000)
  from space 5120K, 99% used [0x00000000f7880000,0x00000000f7d7c010,0x00000000f7d80000)
  to   space 5120K, 0% used [0x00000000f7380000,0x00000000f7380000,0x00000000f7880000)
 ParOldGen       total 81920K, used 3473K [0x00000000e0000000, 0x00000000e5000000, 0x00000000f5580000)
  object space 81920K, 4% used [0x00000000e0000000,0x00000000e0364488,0x00000000e5000000)
 Metaspace       used 15849K, capacity 16188K, committed 16384K, reserved 1062912K
  class space    used 2320K, capacity 2460K, committed 2560K, reserved 1048576K
GC Heap History (8 events):
Event: 1.298 GC heap before
{Heap before GC invocations=1 (full 0):
 PSYoungGen      total 35840K, used 30720K [0x00000000f5580000, 0x00000000f7d80000, 0x0000000100000000)
  eden space 30720K, 100% used [0x00000000f5580000,0x00000000f7380000,0x00000000f7380000)
  from space 5120K, 0% used [0x00000000f7880000,0x00000000f7880000,0x00000000f7d80000)
  to   space 5120K, 0% used [0x00000000f7380000,0x00000000f7380000,0x00000000f7880000)
 ParOldGen       total 81920K, used 0K [0x00000000e0000000, 0x00000000e5000000, 0x00000000f5580000)
  object space 81920K, 0% used [0x00000000e0000000,0x00000000e0000000,0x00000000e5000000)
 Metaspace       used 6965K, capacity 7130K, committed 7424K, reserved 1056768K
  class space    used 875K, capacity 910K, committed 1024K, reserved 1048576K
Event: 1.302 GC heap after
Heap after GC invocations=1 (full 0):
 PSYoungGen      total 35840K, used 4197K [0x00000000f5580000, 0x00000000f7d80000, 0x0000000100000000)
  eden space 30720K, 0% used [0x00000000f5580000,0x00000000f5580000,0x00000000f7380000)
  from space 5120K, 81% used [0x00000000f7380000,0x00000000f77994e8,0x00000000f7880000)
  to   space 5120K, 0% used [0x00000000f7880000,0x00000000f7880000,0x00000000f7d80000)
 ParOldGen       total 81920K, used 8K [0x00000000e0000000, 0x00000000e5000000, 0x00000000f5580000)
  object space 81920K, 0% used [0x00000000e0000000,0x00000000e0002000,0x00000000e5000000)
 Metaspace       used 6965K, capacity 7130K, committed 7424K, reserved 1056768K
  class space    used 875K, capacity 910K, committed 1024K, reserved 1048576K
}
Event: 1.800 GC heap before
{Heap before GC invocations=2 (full 0):
 PSYoungGen      total 35840K, used 34917K [0x00000000f5580000, 0x00000000f7d80000, 0x0000000100000000)
  eden space 30720K, 100% used [0x00000000f5580000,0x00000000f7380000,0x00000000f7380000)
  from space 5120K, 81% used [0x00000000f7380000,0x00000000f77994e8,0x00000000f7880000)
  to   space 5120K, 0% used [0x00000000f7880000,0x00000000f7880000,0x00000000f7d80000)
 ParOldGen       total 81920K, used 8K [0x00000000e0000000, 0x00000000e5000000, 0x00000000f5580000)
  object space 81920K, 0% used [0x00000000e0000000,0x00000000e0002000,0x00000000e5000000)
 Metaspace       used 7744K, capacity 7988K, committed 8064K, reserved 1056768K
  class space    used 1019K, capacity 1111K, committed 1152K, reserved 1048576K
Event: 1.804 GC heap after
Heap after GC invocations=2 (full 0):
 PSYoungGen      total 35840K, used 3840K [0x00000000f5580000, 0x00000000f7d80000, 0x0000000100000000)
  eden space 30720K, 0% used [0x00000000f5580000,0x00000000f5580000,0x00000000f7380000)
  from space 5120K, 75% used [0x00000000f7880000,0x00000000f7c40208,0x00000000f7d80000)
  to   space 5120K, 0% used [0x00000000f7380000,0x00000000f7380000,0x00000000f7880000)
 ParOldGen       total 81920K, used 16K [0x00000000e0000000, 0x00000000e5000000, 0x00000000f5580000)
  object space 81920K, 0% used [0x00000000e0000000,0x00000000e0004000,0x00000000e5000000)
 Metaspace       used 7744K, capacity 7988K, committed 8064K, reserved 1056768K
  class space    used 1019K, capacity 1111K, committed 1152K, reserved 1048576K
}
Event: 2.816 GC heap before
{Heap before GC invocations=3 (full 0):
 PSYoungGen      total 35840K, used 34560K [0x00000000f5580000, 0x00000000f7d80000, 0x0000000100000000)
  eden space 30720K, 100% used [0x00000000f5580000,0x00000000f7380000,0x00000000f7380000)
  from space 5120K, 75% used [0x00000000f7880000,0x00000000f7c40208,0x00000000f7d80000)
  to   space 5120K, 0% used [0x00000000f7380000,0x00000000f7380000,0x00000000f7880000)
 ParOldGen       total 81920K, used 16K [0x00000000e0000000, 0x00000000e5000000, 0x00000000f5580000)
  object space 81920K, 0% used [0x00000000e0000000,0x00000000e0004000,0x00000000e5000000)
 Metaspace       used 12540K, capacity 12902K, committed 13184K, reserved 1060864K
  class space    used 1753K, capacity 1871K, committed 1920K, reserved 1048576K
Event: 2.823 GC heap after
Heap after GC invocations=3 (full 0):
 PSYoungGen      total 35840K, used 5104K [0x00000000f5580000, 0x00000000f7d80000, 0x0000000100000000)
  eden space 30720K, 0% used [0x00000000f5580000,0x00000000f5580000,0x00000000f7380000)
  from space 5120K, 99% used [0x00000000f7380000,0x00000000f787c200,0x00000000f7880000)
  to   space 5120K, 0% used [0x00000000f7880000,0x00000000f7880000,0x00000000f7d80000)
 ParOldGen       total 81920K, used 1192K [0x00000000e0000000, 0x00000000e5000000, 0x00000000f5580000)
  object space 81920K, 1% used [0x00000000e0000000,0x00000000e012a158,0x00000000e5000000)
 Metaspace       used 12540K, capacity 12902K, committed 13184K, reserved 1060864K
  class space    used 1753K, capacity 1871K, committed 1920K, reserved 1048576K
}
Event: 3.250 GC heap before
{Heap before GC invocations=4 (full 0):
 PSYoungGen      total 35840K, used 35824K [0x00000000f5580000, 0x00000000f7d80000, 0x0000000100000000)
  eden space 30720K, 100% used [0x00000000f5580000,0x00000000f7380000,0x00000000f7380000)
  from space 5120K, 99% used [0x00000000f7380000,0x00000000f787c200,0x00000000f7880000)
  to   space 5120K, 0% used [0x00000000f7880000,0x00000000f7880000,0x00000000f7d80000)
 ParOldGen       total 81920K, used 1192K [0x00000000e0000000, 0x00000000e5000000, 0x00000000f5580000)
  object space 81920K, 1% used [0x00000000e0000000,0x00000000e012a158,0x00000000e5000000)
 Metaspace       used 14882K, capacity 15248K, committed 15360K, reserved 1062912K
  class space    used 2166K, capacity 2292K, committed 2304K, reserved 1048576K
Event: 3.263 GC heap after
Heap after GC invocations=4 (full 0):
 PSYoungGen      total 35840K, used 5104K [0x00000000f5580000, 0x00000000f7d80000, 0x0000000100000000)
  eden space 30720K, 0% used [0x00000000f5580000,0x00000000f5580000,0x00000000f7380000)
  from space 5120K, 99% used [0x00000000f7880000,0x00000000f7d7c010,0x00000000f7d80000)
  to   space 5120K, 0% used [0x00000000f7380000,0x00000000f7380000,0x00000000f7880000)
 ParOldGen       total 81920K, used 3473K [0x00000000e0000000, 0x00000000e5000000, 0x00000000f5580000)
  object space 81920K, 4% used [0x00000000e0000000,0x00000000e0364488,0x00000000e5000000)
 Metaspace       used 14882K, capacity 15248K, committed 15360K, reserved 1062912K
  class space    used 2166K, capacity 2292K, committed 2304K, reserved 1048576K
}

